{"level":"info","msg":"页面支持同步渲染进度，开始同步...","time":"2021-04-14T11:15:27+08:00"}
{"level":"info","msg":"渲染超时（1000ms），未能加载MathJax渲染信息，可能是页面不含MathJax公式","time":"2021-04-14T11:15:27+08:00"}
{"level":"info","msg":"渲染完成！","time":"2021-04-14T11:15:27+08:00"}
{"level":"info","msg":"正在生成pdf...","time":"2021-04-14T11:15:27+08:00"}
{"level":"info","msg":"成功保存文件：/Users/sanbo/code/analysys-dev-sdk/doc/流量审核SDK.pdf","time":"2021-04-14T11:15:28+08:00"}
{"level":"info","msg":"页面支持同步渲染进度，开始同步...","time":"2021-04-14T11:15:51+08:00"}
{"level":"info","msg":"渲染超时（1000ms），未能加载MathJax渲染信息，可能是页面不含MathJax公式","time":"2021-04-14T11:15:51+08:00"}
{"level":"info","msg":"渲染完成！","time":"2021-04-14T11:15:52+08:00"}
{"level":"info","msg":"正在生成pdf...","time":"2021-04-14T11:15:52+08:00"}
{"level":"info","msg":"成功保存文件：/Users/sanbo/code/analysys-dev-sdk/doc/流量审核SDK.pdf","time":"2021-04-14T11:15:52+08:00"}
{"level":"info","msg":"页面支持同步渲染进度，开始同步...","time":"2021-04-14T11:16:07+08:00"}
{"level":"info","msg":"渲染超时（1000ms），未能加载MathJax渲染信息，可能是页面不含MathJax公式","time":"2021-04-14T11:16:07+08:00"}
{"level":"info","msg":"渲染完成！","time":"2021-04-14T11:16:08+08:00"}
{"level":"info","msg":"正在生成pdf...","time":"2021-04-14T11:16:08+08:00"}
{"level":"info","msg":"成功保存文件：/Users/sanbo/code/analysys-dev-sdk/doc/流量审核SDK.pdf","time":"2021-04-14T11:16:08+08:00"}
{"level":"info","msg":"页面支持同步渲染进度，开始同步...","time":"2021-04-14T11:16:31+08:00"}
{"level":"info","msg":"渲染超时（1000ms），未能加载MathJax渲染信息，可能是页面不含MathJax公式","time":"2021-04-14T11:16:31+08:00"}
{"level":"info","msg":"渲染完成！","time":"2021-04-14T11:16:31+08:00"}
{"level":"info","msg":"正在生成pdf...","time":"2021-04-14T11:16:31+08:00"}
{"level":"info","msg":"成功保存文件：/Users/sanbo/code/analysys-dev-sdk/doc/流量审核SDK.pdf","time":"2021-04-14T11:16:31+08:00"}
{"level":"info","msg":"页面支持同步渲染进度，开始同步...","time":"2021-04-14T11:35:21+08:00"}
{"level":"info","msg":"渲染超时（1000ms），未能加载MathJax渲染信息，可能是页面不含MathJax公式","time":"2021-04-14T11:35:21+08:00"}
{"level":"info","msg":"渲染完成！","time":"2021-04-14T11:35:21+08:00"}
{"level":"info","msg":"正在生成pdf...","time":"2021-04-14T11:35:21+08:00"}
{"level":"info","msg":"成功保存文件：/Users/sanbo/Desktop/analysys-dev-sdk/doc/流量审核SDK.pdf","time":"2021-04-14T11:35:21+08:00"}
{"level":"info","msg":"页面支持同步渲染进度，开始同步...","time":"2021-04-14T11:35:42+08:00"}
{"level":"info","msg":"渲染超时（1000ms），未能加载MathJax渲染信息，可能是页面不含MathJax公式","time":"2021-04-14T11:35:42+08:00"}
{"level":"info","msg":"渲染完成！","time":"2021-04-14T11:35:42+08:00"}
{"level":"info","msg":"正在生成pdf...","time":"2021-04-14T11:35:42+08:00"}
{"level":"info","msg":"成功保存文件：/Users/sanbo/Desktop/analysys-dev-sdk/doc/流量审核SDK.pdf","time":"2021-04-14T11:35:42+08:00"}
{"level":"info","msg":"页面支持同步渲染进度，开始同步...","time":"2021-04-14T11:36:58+08:00"}
{"level":"info","msg":"渲染超时（1000ms），未能加载MathJax渲染信息，可能是页面不含MathJax公式","time":"2021-04-14T11:36:58+08:00"}
{"level":"info","msg":"渲染完成！","time":"2021-04-14T11:36:59+08:00"}
{"level":"info","msg":"正在生成pdf...","time":"2021-04-14T11:36:59+08:00"}
{"level":"info","msg":"成功保存文件：/Users/sanbo/Desktop/analysys-dev-sdk/doc/流量审核SDK.pdf","time":"2021-04-14T11:36:59+08:00"}
{"level":"info","msg":"页面支持同步渲染进度，开始同步...","time":"2021-04-14T11:37:18+08:00"}
{"level":"info","msg":"渲染超时（1000ms），未能加载MathJax渲染信息，可能是页面不含MathJax公式","time":"2021-04-14T11:37:18+08:00"}
{"level":"info","msg":"渲染完成！","time":"2021-04-14T11:37:18+08:00"}
{"level":"info","msg":"正在生成pdf...","time":"2021-04-14T11:37:18+08:00"}
{"level":"info","msg":"成功保存文件：/Users/sanbo/Desktop/analysys-dev-sdk/doc/流量审核SDK.pdf","time":"2021-04-14T11:37:18+08:00"}
{"level":"info","msg":"页面支持同步渲染进度，开始同步...","time":"2021-04-14T11:42:15+08:00"}
{"level":"info","msg":"渲染超时（1000ms），未能加载MathJax渲染信息，可能是页面不含MathJax公式","time":"2021-04-14T11:42:15+08:00"}
{"level":"info","msg":"渲染完成！","time":"2021-04-14T11:42:15+08:00"}
{"level":"info","msg":"正在生成pdf...","time":"2021-04-14T11:42:15+08:00"}
{"level":"info","msg":"成功保存文件：/Users/sanbo/Desktop/analysys-dev-sdk/doc/流量审核SDK.pdf","time":"2021-04-14T11:42:16+08:00"}
{"level":"info","msg":"页面支持同步渲染进度，开始同步...","time":"2021-04-14T11:42:33+08:00"}
{"level":"info","msg":"渲染超时（1000ms），未能加载MathJax渲染信息，可能是页面不含MathJax公式","time":"2021-04-14T11:42:33+08:00"}
{"level":"info","msg":"渲染完成！","time":"2021-04-14T11:42:33+08:00"}
{"level":"info","msg":"正在生成pdf...","time":"2021-04-14T11:42:33+08:00"}
{"level":"info","msg":"成功保存文件：/Users/sanbo/Desktop/analysys-dev-sdk/doc/流量审核SDK.pdf","time":"2021-04-14T11:42:34+08:00"}
{"level":"info","msg":"页面支持同步渲染进度，开始同步...","time":"2021-04-14T12:35:51+08:00"}
{"level":"info","msg":"渲染超时（1000ms），未能加载MathJax渲染信息，可能是页面不含MathJax公式","time":"2021-04-14T12:35:51+08:00"}
{"level":"info","msg":"渲染完成！","time":"2021-04-14T12:35:51+08:00"}
{"level":"info","msg":"正在生成pdf...","time":"2021-04-14T12:35:51+08:00"}
{"level":"info","msg":"成功保存文件：/Users/sanbo/Desktop/analysys-dev-sdk/doc/流量审核SDK.pdf","time":"2021-04-14T12:35:52+08:00"}
{"level":"info","msg":"页面支持同步渲染进度，开始同步...","time":"2021-04-14T12:36:11+08:00"}
{"level":"info","msg":"渲染超时（1000ms），未能加载MathJax渲染信息，可能是页面不含MathJax公式","time":"2021-04-14T12:36:11+08:00"}
{"level":"info","msg":"渲染完成！","time":"2021-04-14T12:36:11+08:00"}
{"level":"info","msg":"正在生成pdf...","time":"2021-04-14T12:36:11+08:00"}
{"level":"info","msg":"成功保存文件：/Users/sanbo/Desktop/analysys-dev-sdk/doc/流量审核SDK.pdf","time":"2021-04-14T12:36:12+08:00"}
{"level":"info","msg":"页面支持同步渲染进度，开始同步...","time":"2021-04-14T13:56:16+08:00"}
{"level":"info","msg":"渲染超时（1000ms），未能加载MathJax渲染信息，可能是页面不含MathJax公式","time":"2021-04-14T13:56:16+08:00"}
{"level":"info","msg":"渲染完成！","time":"2021-04-14T13:56:16+08:00"}
{"level":"info","msg":"正在生成pdf...","time":"2021-04-14T13:56:16+08:00"}
{"level":"info","msg":"成功保存文件：/Users/sanbo/Desktop/analysys-dev-sdk/doc/流量审核SDK.pdf","time":"2021-04-14T13:56:16+08:00"}
{"level":"info","msg":"页面支持同步渲染进度，开始同步...","time":"2021-04-14T13:56:57+08:00"}
{"level":"info","msg":"渲染超时（1000ms），未能加载MathJax渲染信息，可能是页面不含MathJax公式","time":"2021-04-14T13:56:57+08:00"}
{"level":"info","msg":"渲染完成！","time":"2021-04-14T13:56:57+08:00"}
{"level":"info","msg":"正在生成pdf...","time":"2021-04-14T13:56:57+08:00"}
{"level":"info","msg":"成功保存文件：/Users/sanbo/Desktop/analysys-dev-sdk/doc/流量审核SDK.pdf","time":"2021-04-14T13:56:58+08:00"}
{"level":"info","msg":"页面支持同步渲染进度，开始同步...","time":"2021-04-14T14:17:35+08:00"}
{"level":"info","msg":"渲染超时（1000ms），未能加载MathJax渲染信息，可能是页面不含MathJax公式","time":"2021-04-14T14:17:35+08:00"}
{"level":"info","msg":"渲染完成！","time":"2021-04-14T14:17:35+08:00"}
{"level":"info","msg":"正在生成pdf...","time":"2021-04-14T14:17:35+08:00"}
{"level":"info","msg":"成功保存文件：/Users/sanbo/Desktop/analysys-dev-sdk/doc/流量审核SDK.pdf","time":"2021-04-14T14:17:35+08:00"}
{"level":"info","msg":"页面支持同步渲染进度，开始同步...","time":"2021-04-14T14:18:02+08:00"}
{"level":"info","msg":"渲染超时（1000ms），未能加载MathJax渲染信息，可能是页面不含MathJax公式","time":"2021-04-14T14:18:02+08:00"}
{"level":"info","msg":"渲染完成！","time":"2021-04-14T14:18:03+08:00"}
{"level":"info","msg":"正在生成pdf...","time":"2021-04-14T14:18:03+08:00"}
{"level":"info","msg":"成功保存文件：/Users/sanbo/Desktop/analysys-dev-sdk/doc/流量审核SDK.pdf","time":"2021-04-14T14:18:03+08:00"}
{"level":"info","msg":"页面支持同步渲染进度，开始同步...","time":"2021-04-14T14:27:33+08:00"}
{"level":"info","msg":"渲染超时（1000ms），未能加载MathJax渲染信息，可能是页面不含MathJax公式","time":"2021-04-14T14:27:33+08:00"}
{"level":"info","msg":"渲染完成！","time":"2021-04-14T14:27:33+08:00"}
{"level":"info","msg":"正在生成pdf...","time":"2021-04-14T14:27:33+08:00"}
{"level":"info","msg":"成功保存文件：/Users/sanbo/Desktop/analysys-dev-sdk/doc/流量审核SDK.pdf","time":"2021-04-14T14:27:34+08:00"}
{"level":"info","msg":"页面支持同步渲染进度，开始同步...","time":"2021-04-14T14:27:56+08:00"}
{"level":"info","msg":"渲染超时（1000ms），未能加载MathJax渲染信息，可能是页面不含MathJax公式","time":"2021-04-14T14:27:56+08:00"}
{"level":"info","msg":"渲染完成！","time":"2021-04-14T14:27:56+08:00"}
{"level":"info","msg":"正在生成pdf...","time":"2021-04-14T14:27:56+08:00"}
{"level":"info","msg":"成功保存文件：/Users/sanbo/Desktop/analysys-dev-sdk/doc/流量审核SDK.pdf","time":"2021-04-14T14:27:57+08:00"}
{"level":"info","msg":"页面支持同步渲染进度，开始同步...","time":"2021-04-14T14:29:03+08:00"}
{"level":"info","msg":"渲染超时（1000ms），未能加载MathJax渲染信息，可能是页面不含MathJax公式","time":"2021-04-14T14:29:03+08:00"}
{"level":"info","msg":"渲染完成！","time":"2021-04-14T14:29:03+08:00"}
{"level":"info","msg":"正在生成pdf...","time":"2021-04-14T14:29:03+08:00"}
{"level":"info","msg":"成功保存文件：/Users/sanbo/Desktop/analysys-dev-sdk/doc/流量审核SDK.pdf","time":"2021-04-14T14:29:03+08:00"}
{"level":"info","msg":"页面支持同步渲染进度，开始同步...","time":"2021-04-14T14:29:23+08:00"}
{"level":"info","msg":"渲染超时（1000ms），未能加载MathJax渲染信息，可能是页面不含MathJax公式","time":"2021-04-14T14:29:23+08:00"}
{"level":"info","msg":"渲染完成！","time":"2021-04-14T14:29:23+08:00"}
{"level":"info","msg":"正在生成pdf...","time":"2021-04-14T14:29:23+08:00"}
{"level":"info","msg":"成功保存文件：/Users/sanbo/Desktop/analysys-dev-sdk/doc/流量审核SDK.pdf","time":"2021-04-14T14:29:24+08:00"}
{"level":"info","msg":"页面支持同步渲染进度，开始同步...","time":"2021-04-14T14:39:23+08:00"}
{"level":"info","msg":"渲染超时（1000ms），未能加载MathJax渲染信息，可能是页面不含MathJax公式","time":"2021-04-14T14:39:23+08:00"}
{"level":"info","msg":"渲染完成！","time":"2021-04-14T14:39:23+08:00"}
{"level":"info","msg":"正在生成pdf...","time":"2021-04-14T14:39:23+08:00"}
{"level":"info","msg":"成功保存文件：/Users/sanbo/Desktop/analysys-dev-sdk/doc/流量审核SDK.pdf","time":"2021-04-14T14:39:23+08:00"}
{"level":"info","msg":"页面支持同步渲染进度，开始同步...","time":"2021-04-14T14:39:55+08:00"}
{"level":"info","msg":"渲染超时（1000ms），未能加载MathJax渲染信息，可能是页面不含MathJax公式","time":"2021-04-14T14:39:55+08:00"}
{"level":"info","msg":"渲染完成！","time":"2021-04-14T14:39:55+08:00"}
{"level":"info","msg":"正在生成pdf...","time":"2021-04-14T14:39:55+08:00"}
{"level":"info","msg":"成功保存文件：/Users/sanbo/Desktop/analysys-dev-sdk/doc/流量审核SDK.pdf","time":"2021-04-14T14:39:56+08:00"}
{"level":"info","msg":"页面支持同步渲染进度，开始同步...","time":"2021-04-14T14:40:23+08:00"}
{"level":"info","msg":"渲染超时（1000ms），未能加载MathJax渲染信息，可能是页面不含MathJax公式","time":"2021-04-14T14:40:23+08:00"}
{"level":"info","msg":"渲染完成！","time":"2021-04-14T14:40:23+08:00"}
{"level":"info","msg":"正在生成pdf...","time":"2021-04-14T14:40:23+08:00"}
{"level":"info","msg":"成功保存文件：/Users/sanbo/Desktop/analysys-dev-sdk/doc/流量审核SDK.pdf","time":"2021-04-14T14:40:24+08:00"}
{"level":"info","msg":"页面支持同步渲染进度，开始同步...","time":"2021-04-14T14:45:09+08:00"}
{"level":"info","msg":"渲染超时（1000ms），未能加载MathJax渲染信息，可能是页面不含MathJax公式","time":"2021-04-14T14:45:09+08:00"}
{"level":"info","msg":"渲染完成！","time":"2021-04-14T14:45:09+08:00"}
{"level":"info","msg":"正在生成pdf...","time":"2021-04-14T14:45:09+08:00"}
{"level":"info","msg":"成功保存文件：/Users/sanbo/Desktop/analysys-dev-sdk/doc/流量审核SDK.pdf","time":"2021-04-14T14:45:10+08:00"}
{"level":"info","msg":"页面支持同步渲染进度，开始同步...","time":"2021-04-14T14:48:28+08:00"}
{"level":"info","msg":"渲染超时（1000ms），未能加载MathJax渲染信息，可能是页面不含MathJax公式","time":"2021-04-14T14:48:28+08:00"}
{"level":"info","msg":"渲染完成！","time":"2021-04-14T14:48:28+08:00"}
{"level":"info","msg":"正在生成pdf...","time":"2021-04-14T14:48:28+08:00"}
{"level":"info","msg":"成功保存文件：/Users/sanbo/Desktop/analysys-dev-sdk/doc/流量审核SDK.pdf","time":"2021-04-14T14:48:28+08:00"}
{"level":"info","msg":"页面支持同步渲染进度，开始同步...","time":"2021-04-14T14:48:46+08:00"}
{"level":"info","msg":"渲染超时（1000ms），未能加载MathJax渲染信息，可能是页面不含MathJax公式","time":"2021-04-14T14:48:46+08:00"}
{"level":"info","msg":"渲染完成！","time":"2021-04-14T14:48:46+08:00"}
{"level":"info","msg":"正在生成pdf...","time":"2021-04-14T14:48:46+08:00"}
{"level":"info","msg":"成功保存文件：/Users/sanbo/Desktop/analysys-dev-sdk/doc/流量审核SDK.pdf","time":"2021-04-14T14:48:47+08:00"}
{"level":"info","msg":"页面支持同步渲染进度，开始同步...","time":"2021-04-14T14:49:54+08:00"}
{"level":"info","msg":"渲染超时（1000ms），未能加载MathJax渲染信息，可能是页面不含MathJax公式","time":"2021-04-14T14:49:54+08:00"}
{"level":"info","msg":"渲染完成！","time":"2021-04-14T14:49:54+08:00"}
{"level":"info","msg":"正在生成pdf...","time":"2021-04-14T14:49:54+08:00"}
{"level":"info","msg":"成功保存文件：/Users/sanbo/Desktop/analysys-dev-sdk/doc/流量审核SDK.pdf","time":"2021-04-14T14:49:54+08:00"}
{"level":"info","msg":"页面支持同步渲染进度，开始同步...","time":"2021-04-14T14:59:54+08:00"}
{"level":"info","msg":"渲染超时（1000ms），未能加载MathJax渲染信息，可能是页面不含MathJax公式","time":"2021-04-14T14:59:54+08:00"}
{"level":"info","msg":"渲染完成！","time":"2021-04-14T14:59:54+08:00"}
{"level":"info","msg":"正在生成pdf...","time":"2021-04-14T14:59:54+08:00"}
{"level":"info","msg":"成功保存文件：/Users/sanbo/Desktop/analysys-dev-sdk/doc/流量审核SDK.pdf","time":"2021-04-14T14:59:55+08:00"}
{"level":"info","msg":"页面支持同步渲染进度，开始同步...","time":"2021-04-14T15:00:19+08:00"}
{"level":"info","msg":"渲染超时（1000ms），未能加载MathJax渲染信息，可能是页面不含MathJax公式","time":"2021-04-14T15:00:19+08:00"}
{"level":"info","msg":"渲染完成！","time":"2021-04-14T15:00:19+08:00"}
{"level":"info","msg":"正在生成pdf...","time":"2021-04-14T15:00:19+08:00"}
{"level":"info","msg":"成功保存文件：/Users/sanbo/Desktop/analysys-dev-sdk/doc/流量审核SDK.pdf","time":"2021-04-14T15:00:19+08:00"}
{"level":"info","msg":"页面支持同步渲染进度，开始同步...","time":"2021-04-14T15:00:36+08:00"}
{"level":"info","msg":"渲染超时（1000ms），未能加载MathJax渲染信息，可能是页面不含MathJax公式","time":"2021-04-14T15:00:36+08:00"}
{"level":"info","msg":"渲染完成！","time":"2021-04-14T15:00:36+08:00"}
{"level":"info","msg":"正在生成pdf...","time":"2021-04-14T15:00:36+08:00"}
{"level":"info","msg":"成功保存文件：/Users/sanbo/Desktop/analysys-dev-sdk/doc/流量审核SDK.pdf","time":"2021-04-14T15:00:37+08:00"}
{"level":"info","msg":"页面支持同步渲染进度，开始同步...","time":"2021-04-14T15:01:43+08:00"}
{"level":"info","msg":"渲染超时（1000ms），未能加载MathJax渲染信息，可能是页面不含MathJax公式","time":"2021-04-14T15:01:43+08:00"}
{"level":"info","msg":"渲染完成！","time":"2021-04-14T15:01:43+08:00"}
{"level":"info","msg":"正在生成pdf...","time":"2021-04-14T15:01:43+08:00"}
{"level":"info","msg":"成功保存文件：/Users/sanbo/Desktop/analysys-dev-sdk/doc/流量审核SDK.pdf","time":"2021-04-14T15:01:43+08:00"}
{"level":"info","msg":"页面支持同步渲染进度，开始同步...","time":"2021-04-14T15:02:02+08:00"}
{"level":"info","msg":"渲染超时（1000ms），未能加载MathJax渲染信息，可能是页面不含MathJax公式","time":"2021-04-14T15:02:02+08:00"}
{"level":"info","msg":"渲染完成！","time":"2021-04-14T15:02:03+08:00"}
{"level":"info","msg":"正在生成pdf...","time":"2021-04-14T15:02:03+08:00"}
{"level":"info","msg":"成功保存文件：/Users/sanbo/Desktop/analysys-dev-sdk/doc/流量审核SDK.pdf","time":"2021-04-14T15:02:03+08:00"}
{"level":"info","msg":"页面支持同步渲染进度，开始同步...","time":"2021-04-22T17:44:46+08:00"}
{"level":"info","msg":"渲染超时（1000ms），未能加载MathJax渲染信息，可能是页面不含MathJax公式","time":"2021-04-22T17:44:46+08:00"}
{"level":"info","msg":"渲染完成！","time":"2021-04-22T17:44:46+08:00"}
{"level":"info","msg":"正在生成pdf...","time":"2021-04-22T17:44:46+08:00"}
{"level":"info","msg":"成功保存文件：/Users/sanbo/code/analysys-dev-sdk/doc/流量审核SDK.pdf","time":"2021-04-22T17:44:46+08:00"}
{"level":"info","msg":"页面支持同步渲染进度，开始同步...","time":"2021-04-22T17:45:09+08:00"}
{"level":"info","msg":"渲染超时（1000ms），未能加载MathJax渲染信息，可能是页面不含MathJax公式","time":"2021-04-22T17:45:09+08:00"}
{"level":"info","msg":"渲染完成！","time":"2021-04-22T17:45:09+08:00"}
{"level":"info","msg":"正在生成pdf...","time":"2021-04-22T17:45:09+08:00"}
{"level":"info","msg":"成功保存文件：/Users/sanbo/code/analysys-dev-sdk/doc/流量审核SDK.pdf","time":"2021-04-22T17:45:10+08:00"}
{"level":"info","msg":"页面支持同步渲染进度，开始同步...","time":"2021-04-22T17:48:19+08:00"}
{"level":"info","msg":"渲染超时（1000ms），未能加载MathJax渲染信息，可能是页面不含MathJax公式","time":"2021-04-22T17:48:20+08:00"}
{"level":"info","msg":"渲染完成！","time":"2021-04-22T17:48:20+08:00"}
{"level":"info","msg":"正在生成pdf...","time":"2021-04-22T17:48:20+08:00"}
{"level":"info","msg":"成功保存文件：/Users/sanbo/code/analysys-dev-sdk/doc/流量审核SDK.pdf","time":"2021-04-22T17:48:20+08:00"}
{"level":"info","msg":"页面支持同步渲染进度，开始同步...","time":"2021-04-22T17:48:39+08:00"}
{"level":"info","msg":"渲染超时（1000ms），未能加载MathJax渲染信息，可能是页面不含MathJax公式","time":"2021-04-22T17:48:39+08:00"}
{"level":"info","msg":"渲染完成！","time":"2021-04-22T17:48:39+08:00"}
{"level":"info","msg":"正在生成pdf...","time":"2021-04-22T17:48:39+08:00"}
{"level":"info","msg":"成功保存文件：/Users/sanbo/code/analysys-dev-sdk/doc/流量审核SDK.pdf","time":"2021-04-22T17:48:40+08:00"}
{"level":"info","msg":"页面支持同步渲染进度，开始同步...","time":"2021-04-23T15:17:32+08:00"}
{"level":"info","msg":"渲染超时（1000ms），未能加载MathJax渲染信息，可能是页面不含MathJax公式","time":"2021-04-23T15:17:32+08:00"}
{"level":"info","msg":"渲染完成！","time":"2021-04-23T15:17:32+08:00"}
{"level":"info","msg":"正在生成pdf...","time":"2021-04-23T15:17:32+08:00"}
{"level":"info","msg":"成功保存文件：/Users/sanbo/code/analysys-dev-sdk/doc/流量审核SDK.pdf","time":"2021-04-23T15:17:33+08:00"}
{"level":"info","msg":"页面支持同步渲染进度，开始同步...","time":"2021-04-23T15:18:57+08:00"}
{"level":"info","msg":"渲染超时（1000ms），未能加载MathJax渲染信息，可能是页面不含MathJax公式","time":"2021-04-23T15:18:58+08:00"}
{"level":"info","msg":"渲染完成！","time":"2021-04-23T15:18:58+08:00"}
{"level":"info","msg":"正在生成pdf...","time":"2021-04-23T15:18:58+08:00"}
{"level":"info","msg":"成功保存文件：/Users/sanbo/code/analysys-dev-sdk/doc/流量审核SDK.pdf","time":"2021-04-23T15:18:58+08:00"}
{"level":"info","msg":"页面支持同步渲染进度，开始同步...","time":"2021-04-26T10:33:13+08:00"}
{"level":"info","msg":"渲染超时（1000ms），未能加载MathJax渲染信息，可能是页面不含MathJax公式","time":"2021-04-26T10:33:13+08:00"}
{"level":"info","msg":"渲染完成！","time":"2021-04-26T10:33:13+08:00"}
{"level":"info","msg":"正在生成pdf...","time":"2021-04-26T10:33:13+08:00"}
{"level":"info","msg":"成功保存文件：/Users/sanbo/code/analysys-dev-sdk/doc/流量审核SDK.pdf","time":"2021-04-26T10:33:14+08:00"}
{"level":"info","msg":"页面支持同步渲染进度，开始同步...","time":"2021-04-26T10:33:51+08:00"}
{"level":"info","msg":"渲染超时（1000ms），未能加载MathJax渲染信息，可能是页面不含MathJax公式","time":"2021-04-26T10:33:51+08:00"}
{"level":"info","msg":"渲染完成！","time":"2021-04-26T10:33:51+08:00"}
{"level":"info","msg":"正在生成pdf...","time":"2021-04-26T10:33:51+08:00"}
{"level":"info","msg":"成功保存文件：/Users/sanbo/code/analysys-dev-sdk/doc/流量审核SDK.pdf","time":"2021-04-26T10:33:52+08:00"}
{"level":"info","msg":"页面支持同步渲染进度，开始同步...","time":"2021-04-26T10:40:09+08:00"}
{"level":"info","msg":"渲染超时（1000ms），未能加载MathJax渲染信息，可能是页面不含MathJax公式","time":"2021-04-26T10:40:09+08:00"}
{"level":"info","msg":"渲染完成！","time":"2021-04-26T10:40:09+08:00"}
{"level":"info","msg":"正在生成pdf...","time":"2021-04-26T10:40:09+08:00"}
{"level":"info","msg":"成功保存文件：/Users/sanbo/Desktop/analysys-dev-sdk/doc/流量审核SDK.pdf","time":"2021-04-26T10:40:09+08:00"}
{"level":"info","msg":"页面支持同步渲染进度，开始同步...","time":"2021-04-26T10:40:53+08:00"}
{"level":"info","msg":"渲染超时（1000ms），未能加载MathJax渲染信息，可能是页面不含MathJax公式","time":"2021-04-26T10:40:53+08:00"}
{"level":"info","msg":"渲染完成！","time":"2021-04-26T10:40:53+08:00"}
{"level":"info","msg":"正在生成pdf...","time":"2021-04-26T10:40:53+08:00"}
{"level":"info","msg":"成功保存文件：/Users/sanbo/Desktop/analysys-dev-sdk/doc/流量审核SDK.pdf","time":"2021-04-26T10:40:54+08:00"}
{"level":"info","msg":"页面支持同步渲染进度，开始同步...","time":"2021-04-26T10:46:22+08:00"}
{"level":"info","msg":"渲染超时（1000ms），未能加载MathJax渲染信息，可能是页面不含MathJax公式","time":"2021-04-26T10:46:22+08:00"}
{"level":"info","msg":"渲染完成！","time":"2021-04-26T10:46:22+08:00"}
{"level":"info","msg":"正在生成pdf...","time":"2021-04-26T10:46:22+08:00"}
{"level":"info","msg":"成功保存文件：/Users/sanbo/Desktop/analysys-dev-sdk/doc/流量审核SDK.pdf","time":"2021-04-26T10:46:23+08:00"}
{"level":"info","msg":"页面支持同步渲染进度，开始同步...","time":"2021-04-26T10:46:57+08:00"}
{"level":"info","msg":"渲染超时（1000ms），未能加载MathJax渲染信息，可能是页面不含MathJax公式","time":"2021-04-26T10:46:57+08:00"}
{"level":"info","msg":"渲染完成！","time":"2021-04-26T10:46:57+08:00"}
{"level":"info","msg":"正在生成pdf...","time":"2021-04-26T10:46:57+08:00"}
{"level":"info","msg":"成功保存文件：/Users/sanbo/Desktop/analysys-dev-sdk/doc/流量审核SDK.pdf","time":"2021-04-26T10:46:57+08:00"}
{"level":"info","msg":"页面支持同步渲染进度，开始同步...","time":"2021-04-26T10:50:34+08:00"}
{"level":"info","msg":"渲染超时（1000ms），未能加载MathJax渲染信息，可能是页面不含MathJax公式","time":"2021-04-26T10:50:34+08:00"}
{"level":"info","msg":"渲染完成！","time":"2021-04-26T10:50:34+08:00"}
{"level":"info","msg":"正在生成pdf...","time":"2021-04-26T10:50:34+08:00"}
{"level":"info","msg":"成功保存文件：/Users/sanbo/Desktop/analysys-dev-sdk/doc/流量审核SDK.pdf","time":"2021-04-26T10:50:34+08:00"}
{"level":"info","msg":"页面支持同步渲染进度，开始同步...","time":"2021-04-26T10:51:05+08:00"}
{"level":"info","msg":"渲染超时（1000ms），未能加载MathJax渲染信息，可能是页面不含MathJax公式","time":"2021-04-26T10:51:05+08:00"}
{"level":"info","msg":"渲染完成！","time":"2021-04-26T10:51:05+08:00"}
{"level":"info","msg":"正在生成pdf...","time":"2021-04-26T10:51:05+08:00"}
{"level":"info","msg":"成功保存文件：/Users/sanbo/Desktop/analysys-dev-sdk/doc/流量审核SDK.pdf","time":"2021-04-26T10:51:05+08:00"}
{"level":"info","msg":"页面支持同步渲染进度，开始同步...","time":"2021-04-26T10:51:40+08:00"}
{"level":"info","msg":"渲染超时（1000ms），未能加载MathJax渲染信息，可能是页面不含MathJax公式","time":"2021-04-26T10:51:40+08:00"}
{"level":"info","msg":"渲染完成！","time":"2021-04-26T10:51:40+08:00"}
{"level":"info","msg":"正在生成pdf...","time":"2021-04-26T10:51:40+08:00"}
{"level":"info","msg":"成功保存文件：/Users/sanbo/Desktop/analysys-dev-sdk/doc/流量审核SDK.pdf","time":"2021-04-26T10:51:41+08:00"}
{"level":"info","msg":"页面支持同步渲染进度，开始同步...","time":"2021-04-26T10:52:08+08:00"}
{"level":"info","msg":"渲染超时（1000ms），未能加载MathJax渲染信息，可能是页面不含MathJax公式","time":"2021-04-26T10:52:08+08:00"}
{"level":"info","msg":"渲染完成！","time":"2021-04-26T10:52:08+08:00"}
{"level":"info","msg":"正在生成pdf...","time":"2021-04-26T10:52:08+08:00"}
{"level":"info","msg":"成功保存文件：/Users/sanbo/Desktop/analysys-dev-sdk/doc/流量审核SDK.pdf","time":"2021-04-26T10:52:09+08:00"}
{"level":"info","msg":"页面支持同步渲染进度，开始同步...","time":"2021-04-26T11:07:50+08:00"}
{"level":"info","msg":"渲染超时（1000ms），未能加载MathJax渲染信息，可能是页面不含MathJax公式","time":"2021-04-26T11:07:50+08:00"}
{"level":"info","msg":"渲染完成！","time":"2021-04-26T11:07:50+08:00"}
{"level":"info","msg":"正在生成pdf...","time":"2021-04-26T11:07:50+08:00"}
{"level":"info","msg":"成功保存文件：/Users/sanbo/code/analysys-dev-sdk/doc/流量审核SDK.pdf","time":"2021-04-26T11:07:51+08:00"}
{"level":"info","msg":"页面支持同步渲染进度，开始同步...","time":"2021-04-26T11:08:16+08:00"}
{"level":"info","msg":"渲染超时（1000ms），未能加载MathJax渲染信息，可能是页面不含MathJax公式","time":"2021-04-26T11:08:17+08:00"}
{"level":"info","msg":"渲染完成！","time":"2021-04-26T11:08:17+08:00"}
{"level":"info","msg":"正在生成pdf...","time":"2021-04-26T11:08:17+08:00"}
{"level":"info","msg":"成功保存文件：/Users/sanbo/code/analysys-dev-sdk/doc/流量审核SDK.pdf","time":"2021-04-26T11:08:17+08:00"}
{"level":"info","msg":"页面支持同步渲染进度，开始同步...","time":"2021-04-26T11:30:05+08:00"}
{"level":"info","msg":"渲染超时（1000ms），未能加载MathJax渲染信息，可能是页面不含MathJax公式","time":"2021-04-26T11:30:05+08:00"}
{"level":"info","msg":"渲染完成！","time":"2021-04-26T11:30:05+08:00"}
{"level":"info","msg":"正在生成pdf...","time":"2021-04-26T11:30:05+08:00"}
{"level":"info","msg":"成功保存文件：/Users/sanbo/code/analysys-dev-sdk/doc/流量审核SDK.pdf","time":"2021-04-26T11:30:06+08:00"}
{"level":"info","msg":"页面支持同步渲染进度，开始同步...","time":"2021-04-26T11:30:26+08:00"}
{"level":"info","msg":"渲染超时（1000ms），未能加载MathJax渲染信息，可能是页面不含MathJax公式","time":"2021-04-26T11:30:26+08:00"}
{"level":"info","msg":"渲染完成！","time":"2021-04-26T11:30:26+08:00"}
{"level":"info","msg":"正在生成pdf...","time":"2021-04-26T11:30:26+08:00"}
{"level":"info","msg":"成功保存文件：/Users/sanbo/code/analysys-dev-sdk/doc/流量审核SDK.pdf","time":"2021-04-26T11:30:27+08:00"}
{"level":"info","msg":"页面支持同步渲染进度，开始同步...","time":"2021-04-26T11:57:06+08:00"}
{"level":"info","msg":"渲染超时（1000ms），未能加载MathJax渲染信息，可能是页面不含MathJax公式","time":"2021-04-26T11:57:06+08:00"}
{"level":"info","msg":"渲染完成！","time":"2021-04-26T11:57:06+08:00"}
{"level":"info","msg":"正在生成pdf...","time":"2021-04-26T11:57:06+08:00"}
{"level":"info","msg":"成功保存文件：/Users/sanbo/code/analysys-dev-sdk/doc/流量审核SDK.pdf","time":"2021-04-26T11:57:07+08:00"}
{"level":"info","msg":"页面支持同步渲染进度，开始同步...","time":"2021-04-26T11:58:11+08:00"}
{"level":"info","msg":"渲染超时（1000ms），未能加载MathJax渲染信息，可能是页面不含MathJax公式","time":"2021-04-26T11:58:11+08:00"}
{"level":"info","msg":"渲染完成！","time":"2021-04-26T11:58:11+08:00"}
{"level":"info","msg":"正在生成pdf...","time":"2021-04-26T11:58:11+08:00"}
{"level":"info","msg":"成功保存文件：/Users/sanbo/code/analysys-dev-sdk/doc/流量审核SDK.pdf","time":"2021-04-26T11:58:12+08:00"}
{"level":"info","msg":"页面支持同步渲染进度，开始同步...","time":"2021-04-26T11:58:31+08:00"}
{"level":"info","msg":"渲染超时（1000ms），未能加载MathJax渲染信息，可能是页面不含MathJax公式","time":"2021-04-26T11:58:31+08:00"}
{"level":"info","msg":"渲染完成！","time":"2021-04-26T11:58:31+08:00"}
{"level":"info","msg":"正在生成pdf...","time":"2021-04-26T11:58:31+08:00"}
{"level":"info","msg":"成功保存文件：/Users/sanbo/code/analysys-dev-sdk/doc/流量审核SDK.pdf","time":"2021-04-26T11:58:32+08:00"}
{"level":"info","msg":"页面支持同步渲染进度，开始同步...","time":"2021-04-26T12:00:55+08:00"}
{"level":"info","msg":"渲染超时（1000ms），未能加载MathJax渲染信息，可能是页面不含MathJax公式","time":"2021-04-26T12:00:55+08:00"}
{"level":"info","msg":"渲染完成！","time":"2021-04-26T12:00:55+08:00"}
{"level":"info","msg":"正在生成pdf...","time":"2021-04-26T12:00:55+08:00"}
{"level":"info","msg":"成功保存文件：/Users/sanbo/code/analysys-dev-sdk/doc/流量审核SDK.pdf","time":"2021-04-26T12:00:55+08:00"}
{"level":"info","msg":"页面支持同步渲染进度，开始同步...","time":"2021-04-26T12:01:13+08:00"}
{"level":"info","msg":"渲染超时（1000ms），未能加载MathJax渲染信息，可能是页面不含MathJax公式","time":"2021-04-26T12:01:13+08:00"}
{"level":"info","msg":"渲染完成！","time":"2021-04-26T12:01:13+08:00"}
{"level":"info","msg":"正在生成pdf...","time":"2021-04-26T12:01:13+08:00"}
{"level":"info","msg":"成功保存文件：/Users/sanbo/code/analysys-dev-sdk/doc/流量审核SDK.pdf","time":"2021-04-26T12:01:14+08:00"}
{"level":"info","msg":"页面支持同步渲染进度，开始同步...","time":"2021-04-26T12:03:43+08:00"}
{"level":"info","msg":"渲染超时（1000ms），未能加载MathJax渲染信息，可能是页面不含MathJax公式","time":"2021-04-26T12:03:43+08:00"}
{"level":"info","msg":"渲染完成！","time":"2021-04-26T12:03:43+08:00"}
{"level":"info","msg":"正在生成pdf...","time":"2021-04-26T12:03:43+08:00"}
{"level":"info","msg":"成功保存文件：/Users/sanbo/code/analysys-dev-sdk/doc/流量审核SDK.pdf","time":"2021-04-26T12:03:43+08:00"}
{"level":"info","msg":"页面支持同步渲染进度，开始同步...","time":"2021-04-26T12:04:01+08:00"}
{"level":"info","msg":"渲染超时（1000ms），未能加载MathJax渲染信息，可能是页面不含MathJax公式","time":"2021-04-26T12:04:01+08:00"}
{"level":"info","msg":"渲染完成！","time":"2021-04-26T12:04:01+08:00"}
{"level":"info","msg":"正在生成pdf...","time":"2021-04-26T12:04:01+08:00"}
{"level":"info","msg":"成功保存文件：/Users/sanbo/code/analysys-dev-sdk/doc/流量审核SDK.pdf","time":"2021-04-26T12:04:02+08:00"}
