{"level":"info","msg":"配置文件 /Users/sanbo/mdout/conf.toml 不存在，将自动创建默认配置文件。","time":"2021-03-05T11:30:10+08:00"}
{"level":"info","msg":"自动创建默认配置文件 /Users/sanbo/mdout/conf.toml 成功。","time":"2021-03-05T11:30:10+08:00"}
{"level":"error","msg":"requires at least 1 arg(s), only received 0","time":"2021-03-05T11:30:10+08:00"}
{"level":"error","msg":"url = ，name = ，指定的 url 或者 name 为空！","time":"2021-03-05T11:30:23+08:00"}
{"level":"error","msg":"解压失败","time":"2021-03-05T11:31:12+08:00"}
{"level":"error","msg":"zip: not a valid zip file","time":"2021-03-05T11:31:12+08:00"}
{"level":"error","msg":"zip: not a valid zip file","time":"2021-03-05T11:31:12+08:00"}
{"level":"info","msg":"页面支持同步渲染进度，开始同步...","time":"2021-03-05T11:33:04+08:00"}
{"level":"info","msg":"渲染超时（1000ms），未能加载MathJax渲染信息，可能是页面不含MathJax公式","time":"2021-03-05T11:33:04+08:00"}
{"level":"info","msg":"渲染完成！","time":"2021-03-05T11:33:05+08:00"}
{"level":"info","msg":"正在生成pdf...","time":"2021-03-05T11:33:05+08:00"}
{"level":"info","msg":"成功保存文件：/Users/sanbo/code/analysys-dev-sdk/doc/流量审核SDK.pdf","time":"2021-03-05T11:33:05+08:00"}
{"level":"info","msg":"页面支持同步渲染进度，开始同步...","time":"2021-03-05T11:33:52+08:00"}
{"level":"info","msg":"渲染超时（1000ms），未能加载MathJax渲染信息，可能是页面不含MathJax公式","time":"2021-03-05T11:33:53+08:00"}
{"level":"info","msg":"渲染完成！","time":"2021-03-05T11:33:53+08:00"}
{"level":"info","msg":"正在生成pdf...","time":"2021-03-05T11:33:53+08:00"}
{"level":"info","msg":"成功保存文件：/Users/sanbo/code/analysys-dev-sdk/doc/流量审核SDK.pdf","time":"2021-03-05T11:33:53+08:00"}
{"level":"info","msg":"页面支持同步渲染进度，开始同步...","time":"2021-03-06T10:37:13+08:00"}
{"level":"info","msg":"渲染超时（1000ms），未能加载MathJax渲染信息，可能是页面不含MathJax公式","time":"2021-03-06T10:37:13+08:00"}
{"level":"info","msg":"渲染完成！","time":"2021-03-06T10:37:14+08:00"}
{"level":"info","msg":"正在生成pdf...","time":"2021-03-06T10:37:14+08:00"}
{"level":"info","msg":"成功保存文件：/Users/sanbo/code/analysys-dev-sdk/doc/流量审核SDK.pdf","time":"2021-03-06T10:37:14+08:00"}
{"level":"info","msg":"页面支持同步渲染进度，开始同步...","time":"2021-03-06T10:37:58+08:00"}
{"level":"info","msg":"渲染超时（1000ms），未能加载MathJax渲染信息，可能是页面不含MathJax公式","time":"2021-03-06T10:37:58+08:00"}
{"level":"info","msg":"渲染完成！","time":"2021-03-06T10:37:58+08:00"}
{"level":"info","msg":"正在生成pdf...","time":"2021-03-06T10:37:58+08:00"}
{"level":"info","msg":"成功保存文件：/Users/sanbo/code/analysys-dev-sdk/doc/流量审核SDK.pdf","time":"2021-03-06T10:37:58+08:00"}
{"level":"info","msg":"页面支持同步渲染进度，开始同步...","time":"2021-03-06T10:39:47+08:00"}
{"level":"info","msg":"渲染超时（1000ms），未能加载MathJax渲染信息，可能是页面不含MathJax公式","time":"2021-03-06T10:39:47+08:00"}
{"level":"info","msg":"渲染完成！","time":"2021-03-06T10:39:47+08:00"}
{"level":"info","msg":"正在生成pdf...","time":"2021-03-06T10:39:47+08:00"}
{"level":"info","msg":"成功保存文件：/Users/sanbo/code/analysys-dev-sdk/doc/流量审核SDK.pdf","time":"2021-03-06T10:39:47+08:00"}
{"level":"info","msg":"页面支持同步渲染进度，开始同步...","time":"2021-03-06T10:50:19+08:00"}
{"level":"info","msg":"渲染超时（1000ms），未能加载MathJax渲染信息，可能是页面不含MathJax公式","time":"2021-03-06T10:50:19+08:00"}
{"level":"info","msg":"渲染完成！","time":"2021-03-06T10:50:20+08:00"}
{"level":"info","msg":"正在生成pdf...","time":"2021-03-06T10:50:20+08:00"}
{"level":"info","msg":"成功保存文件：/Users/sanbo/code/analysys-dev-sdk/doc/流量审核SDK.pdf","time":"2021-03-06T10:50:20+08:00"}
{"level":"info","msg":"页面支持同步渲染进度，开始同步...","time":"2021-03-06T10:51:41+08:00"}
{"level":"info","msg":"渲染超时（1000ms），未能加载MathJax渲染信息，可能是页面不含MathJax公式","time":"2021-03-06T10:51:41+08:00"}
{"level":"info","msg":"渲染完成！","time":"2021-03-06T10:51:42+08:00"}
{"level":"info","msg":"正在生成pdf...","time":"2021-03-06T10:51:42+08:00"}
{"level":"info","msg":"成功保存文件：/Users/sanbo/code/analysys-dev-sdk/doc/流量审核SDK.pdf","time":"2021-03-06T10:51:42+08:00"}
{"level":"info","msg":"页面支持同步渲染进度，开始同步...","time":"2021-03-06T10:58:32+08:00"}
{"level":"info","msg":"渲染超时（1000ms），未能加载MathJax渲染信息，可能是页面不含MathJax公式","time":"2021-03-06T10:58:32+08:00"}
{"level":"info","msg":"渲染完成！","time":"2021-03-06T10:58:32+08:00"}
{"level":"info","msg":"正在生成pdf...","time":"2021-03-06T10:58:32+08:00"}
{"level":"info","msg":"成功保存文件：/Users/sanbo/code/analysys-dev-sdk/doc/流量审核SDK.pdf","time":"2021-03-06T10:58:32+08:00"}
{"level":"info","msg":"页面支持同步渲染进度，开始同步...","time":"2021-03-06T10:58:58+08:00"}
{"level":"info","msg":"渲染超时（1000ms），未能加载MathJax渲染信息，可能是页面不含MathJax公式","time":"2021-03-06T10:58:58+08:00"}
{"level":"info","msg":"渲染完成！","time":"2021-03-06T10:58:58+08:00"}
{"level":"info","msg":"正在生成pdf...","time":"2021-03-06T10:58:58+08:00"}
{"level":"info","msg":"成功保存文件：/Users/sanbo/code/analysys-dev-sdk/doc/流量审核SDK.pdf","time":"2021-03-06T10:58:58+08:00"}
{"level":"info","msg":"页面支持同步渲染进度，开始同步...","time":"2021-03-06T10:59:46+08:00"}
{"level":"info","msg":"渲染超时（1000ms），未能加载MathJax渲染信息，可能是页面不含MathJax公式","time":"2021-03-06T10:59:46+08:00"}
{"level":"info","msg":"渲染完成！","time":"2021-03-06T10:59:46+08:00"}
{"level":"info","msg":"正在生成pdf...","time":"2021-03-06T10:59:46+08:00"}
{"level":"info","msg":"成功保存文件：/Users/sanbo/code/analysys-dev-sdk/doc/流量审核SDK.pdf","time":"2021-03-06T10:59:46+08:00"}
{"level":"info","msg":"页面支持同步渲染进度，开始同步...","time":"2021-03-06T11:00:35+08:00"}
{"level":"info","msg":"渲染超时（1000ms），未能加载MathJax渲染信息，可能是页面不含MathJax公式","time":"2021-03-06T11:00:35+08:00"}
{"level":"info","msg":"渲染完成！","time":"2021-03-06T11:00:35+08:00"}
{"level":"info","msg":"正在生成pdf...","time":"2021-03-06T11:00:35+08:00"}
{"level":"info","msg":"成功保存文件：/Users/sanbo/code/analysys-dev-sdk/doc/流量审核SDK.pdf","time":"2021-03-06T11:00:35+08:00"}
{"level":"info","msg":"页面支持同步渲染进度，开始同步...","time":"2021-03-06T11:01:47+08:00"}
{"level":"info","msg":"渲染超时（1000ms），未能加载MathJax渲染信息，可能是页面不含MathJax公式","time":"2021-03-06T11:01:47+08:00"}
{"level":"info","msg":"渲染完成！","time":"2021-03-06T11:01:48+08:00"}
{"level":"info","msg":"正在生成pdf...","time":"2021-03-06T11:01:48+08:00"}
{"level":"info","msg":"成功保存文件：/Users/sanbo/code/analysys-dev-sdk/doc/流量审核SDK.pdf","time":"2021-03-06T11:01:48+08:00"}
{"level":"info","msg":"页面支持同步渲染进度，开始同步...","time":"2021-03-06T11:01:56+08:00"}
{"level":"info","msg":"渲染超时（1000ms），未能加载MathJax渲染信息，可能是页面不含MathJax公式","time":"2021-03-06T11:01:56+08:00"}
{"level":"info","msg":"渲染完成！","time":"2021-03-06T11:01:56+08:00"}
{"level":"info","msg":"正在生成pdf...","time":"2021-03-06T11:01:56+08:00"}
{"level":"info","msg":"成功保存文件：/Users/sanbo/code/analysys-dev-sdk/doc/流量审核SDK.pdf","time":"2021-03-06T11:01:56+08:00"}
{"level":"info","msg":"页面支持同步渲染进度，开始同步...","time":"2021-03-06T11:02:04+08:00"}
{"level":"info","msg":"渲染超时（1000ms），未能加载MathJax渲染信息，可能是页面不含MathJax公式","time":"2021-03-06T11:02:04+08:00"}
{"level":"info","msg":"渲染完成！","time":"2021-03-06T11:02:04+08:00"}
{"level":"info","msg":"正在生成pdf...","time":"2021-03-06T11:02:04+08:00"}
{"level":"info","msg":"成功保存文件：/Users/sanbo/code/analysys-dev-sdk/doc/流量审核SDK.pdf","time":"2021-03-06T11:02:04+08:00"}
{"level":"info","msg":"页面支持同步渲染进度，开始同步...","time":"2021-03-06T11:02:38+08:00"}
{"level":"info","msg":"渲染超时（1000ms），未能加载MathJax渲染信息，可能是页面不含MathJax公式","time":"2021-03-06T11:02:38+08:00"}
{"level":"info","msg":"渲染完成！","time":"2021-03-06T11:02:38+08:00"}
{"level":"info","msg":"正在生成pdf...","time":"2021-03-06T11:02:38+08:00"}
{"level":"info","msg":"成功保存文件：/Users/sanbo/code/analysys-dev-sdk/doc/流量审核SDK.pdf","time":"2021-03-06T11:02:38+08:00"}
{"level":"info","msg":"页面支持同步渲染进度，开始同步...","time":"2021-03-06T11:04:58+08:00"}
{"level":"info","msg":"渲染超时（1000ms），未能加载MathJax渲染信息，可能是页面不含MathJax公式","time":"2021-03-06T11:04:58+08:00"}
{"level":"info","msg":"渲染完成！","time":"2021-03-06T11:04:58+08:00"}
{"level":"info","msg":"正在生成pdf...","time":"2021-03-06T11:04:58+08:00"}
{"level":"info","msg":"成功保存文件：/Users/sanbo/code/analysys-dev-sdk/doc/流量审核SDK.pdf","time":"2021-03-06T11:04:58+08:00"}
{"level":"info","msg":"页面支持同步渲染进度，开始同步...","time":"2021-03-06T11:06:06+08:00"}
{"level":"info","msg":"渲染超时（1000ms），未能加载MathJax渲染信息，可能是页面不含MathJax公式","time":"2021-03-06T11:06:06+08:00"}
{"level":"info","msg":"渲染完成！","time":"2021-03-06T11:06:06+08:00"}
{"level":"info","msg":"正在生成pdf...","time":"2021-03-06T11:06:06+08:00"}
{"level":"info","msg":"成功保存文件：/Users/sanbo/code/analysys-dev-sdk/doc/流量审核SDK.pdf","time":"2021-03-06T11:06:07+08:00"}
{"level":"info","msg":"页面支持同步渲染进度，开始同步...","time":"2021-03-06T11:06:58+08:00"}
{"level":"info","msg":"渲染超时（1000ms），未能加载MathJax渲染信息，可能是页面不含MathJax公式","time":"2021-03-06T11:06:58+08:00"}
{"level":"info","msg":"渲染完成！","time":"2021-03-06T11:06:58+08:00"}
{"level":"info","msg":"正在生成pdf...","time":"2021-03-06T11:06:58+08:00"}
{"level":"info","msg":"成功保存文件：/Users/sanbo/code/analysys-dev-sdk/doc/流量审核SDK.pdf","time":"2021-03-06T11:06:58+08:00"}
{"level":"info","msg":"页面支持同步渲染进度，开始同步...","time":"2021-03-06T11:07:26+08:00"}
{"level":"info","msg":"渲染超时（1000ms），未能加载MathJax渲染信息，可能是页面不含MathJax公式","time":"2021-03-06T11:07:26+08:00"}
{"level":"info","msg":"渲染完成！","time":"2021-03-06T11:07:26+08:00"}
{"level":"info","msg":"正在生成pdf...","time":"2021-03-06T11:07:26+08:00"}
{"level":"info","msg":"成功保存文件：/Users/sanbo/code/analysys-dev-sdk/doc/流量审核SDK.pdf","time":"2021-03-06T11:07:26+08:00"}
{"level":"info","msg":"页面支持同步渲染进度，开始同步...","time":"2021-03-15T09:41:22+08:00"}
{"level":"info","msg":"渲染超时（1000ms），未能加载MathJax渲染信息，可能是页面不含MathJax公式","time":"2021-03-15T09:41:22+08:00"}
{"level":"info","msg":"渲染完成！","time":"2021-03-15T09:41:23+08:00"}
{"level":"info","msg":"正在生成pdf...","time":"2021-03-15T09:41:23+08:00"}
{"level":"info","msg":"成功保存文件：/Users/sanbo/code/analysys-dev-sdk/doc/流量审核SDK.pdf","time":"2021-03-15T09:41:23+08:00"}
{"level":"info","msg":"页面支持同步渲染进度，开始同步...","time":"2021-03-15T09:42:06+08:00"}
{"level":"info","msg":"渲染超时（1000ms），未能加载MathJax渲染信息，可能是页面不含MathJax公式","time":"2021-03-15T09:42:06+08:00"}
{"level":"info","msg":"渲染完成！","time":"2021-03-15T09:42:06+08:00"}
{"level":"info","msg":"正在生成pdf...","time":"2021-03-15T09:42:06+08:00"}
{"level":"info","msg":"成功保存文件：/Users/sanbo/code/analysys-dev-sdk/doc/流量审核SDK.pdf","time":"2021-03-15T09:42:07+08:00"}
{"level":"info","msg":"页面支持同步渲染进度，开始同步...","time":"2021-03-15T09:51:27+08:00"}
{"level":"info","msg":"渲染超时（1000ms），未能加载MathJax渲染信息，可能是页面不含MathJax公式","time":"2021-03-15T09:51:27+08:00"}
{"level":"info","msg":"渲染完成！","time":"2021-03-15T09:51:27+08:00"}
{"level":"info","msg":"正在生成pdf...","time":"2021-03-15T09:51:27+08:00"}
{"level":"info","msg":"成功保存文件：/Users/sanbo/code/analysys-dev-sdk/doc/流量审核SDK.pdf","time":"2021-03-15T09:51:27+08:00"}
{"level":"info","msg":"页面支持同步渲染进度，开始同步...","time":"2021-03-15T09:51:59+08:00"}
{"level":"info","msg":"渲染超时（1000ms），未能加载MathJax渲染信息，可能是页面不含MathJax公式","time":"2021-03-15T09:51:59+08:00"}
{"level":"info","msg":"渲染完成！","time":"2021-03-15T09:52:00+08:00"}
{"level":"info","msg":"正在生成pdf...","time":"2021-03-15T09:52:00+08:00"}
{"level":"info","msg":"成功保存文件：/Users/sanbo/code/analysys-dev-sdk/doc/流量审核SDK.pdf","time":"2021-03-15T09:52:00+08:00"}
{"level":"info","msg":"页面支持同步渲染进度，开始同步...","time":"2021-03-23T10:33:19+08:00"}
{"level":"info","msg":"渲染超时（1000ms），未能加载MathJax渲染信息，可能是页面不含MathJax公式","time":"2021-03-23T10:33:19+08:00"}
{"level":"info","msg":"渲染完成！","time":"2021-03-23T10:33:19+08:00"}
{"level":"info","msg":"正在生成pdf...","time":"2021-03-23T10:33:19+08:00"}
{"level":"info","msg":"成功保存文件：/Users/sanbo/code/analysys-dev-sdk/doc/流量审核SDK.pdf","time":"2021-03-23T10:33:20+08:00"}
{"level":"info","msg":"页面支持同步渲染进度，开始同步...","time":"2021-03-23T10:34:03+08:00"}
{"level":"info","msg":"渲染超时（1000ms），未能加载MathJax渲染信息，可能是页面不含MathJax公式","time":"2021-03-23T10:34:03+08:00"}
{"level":"info","msg":"渲染完成！","time":"2021-03-23T10:34:03+08:00"}
{"level":"info","msg":"正在生成pdf...","time":"2021-03-23T10:34:03+08:00"}
{"level":"info","msg":"成功保存文件：/Users/sanbo/code/analysys-dev-sdk/doc/流量审核SDK.pdf","time":"2021-03-23T10:34:04+08:00"}
{"level":"info","msg":"页面支持同步渲染进度，开始同步...","time":"2021-03-23T10:34:36+08:00"}
{"level":"info","msg":"渲染超时（1000ms），未能加载MathJax渲染信息，可能是页面不含MathJax公式","time":"2021-03-23T10:34:36+08:00"}
{"level":"info","msg":"渲染完成！","time":"2021-03-23T10:34:36+08:00"}
{"level":"info","msg":"正在生成pdf...","time":"2021-03-23T10:34:36+08:00"}
{"level":"info","msg":"成功保存文件：/Users/sanbo/code/analysys-dev-sdk/doc/流量审核SDK.pdf","time":"2021-03-23T10:34:36+08:00"}
{"level":"info","msg":"页面支持同步渲染进度，开始同步...","time":"2021-03-23T10:35:07+08:00"}
{"level":"info","msg":"渲染超时（1000ms），未能加载MathJax渲染信息，可能是页面不含MathJax公式","time":"2021-03-23T10:35:07+08:00"}
{"level":"info","msg":"渲染完成！","time":"2021-03-23T10:35:07+08:00"}
{"level":"info","msg":"正在生成pdf...","time":"2021-03-23T10:35:07+08:00"}
{"level":"info","msg":"成功保存文件：/Users/sanbo/code/analysys-dev-sdk/doc/流量审核SDK.pdf","time":"2021-03-23T10:35:08+08:00"}
{"level":"info","msg":"页面支持同步渲染进度，开始同步...","time":"2021-03-23T10:38:22+08:00"}
{"level":"info","msg":"渲染超时（1000ms），未能加载MathJax渲染信息，可能是页面不含MathJax公式","time":"2021-03-23T10:38:22+08:00"}
{"level":"info","msg":"渲染完成！","time":"2021-03-23T10:38:22+08:00"}
{"level":"info","msg":"正在生成pdf...","time":"2021-03-23T10:38:22+08:00"}
{"level":"info","msg":"成功保存文件：/Users/sanbo/code/analysys-dev-sdk/doc/流量审核SDK.pdf","time":"2021-03-23T10:38:22+08:00"}
{"level":"info","msg":"页面支持同步渲染进度，开始同步...","time":"2021-03-23T10:41:03+08:00"}
{"level":"info","msg":"渲染超时（1000ms），未能加载MathJax渲染信息，可能是页面不含MathJax公式","time":"2021-03-23T10:41:03+08:00"}
{"level":"info","msg":"渲染完成！","time":"2021-03-23T10:41:03+08:00"}
{"level":"info","msg":"正在生成pdf...","time":"2021-03-23T10:41:03+08:00"}
{"level":"info","msg":"成功保存文件：/Users/sanbo/code/analysys-dev-sdk/doc/流量审核SDK.pdf","time":"2021-03-23T10:41:04+08:00"}
{"level":"info","msg":"页面支持同步渲染进度，开始同步...","time":"2021-03-23T10:43:18+08:00"}
{"level":"info","msg":"渲染超时（1000ms），未能加载MathJax渲染信息，可能是页面不含MathJax公式","time":"2021-03-23T10:43:18+08:00"}
{"level":"info","msg":"渲染完成！","time":"2021-03-23T10:43:18+08:00"}
{"level":"info","msg":"正在生成pdf...","time":"2021-03-23T10:43:18+08:00"}
{"level":"info","msg":"成功保存文件：/Users/sanbo/code/analysys-dev-sdk/doc/流量审核SDK.pdf","time":"2021-03-23T10:43:18+08:00"}
{"level":"info","msg":"页面支持同步渲染进度，开始同步...","time":"2021-03-23T10:43:45+08:00"}
{"level":"info","msg":"渲染超时（1000ms），未能加载MathJax渲染信息，可能是页面不含MathJax公式","time":"2021-03-23T10:43:45+08:00"}
{"level":"info","msg":"渲染完成！","time":"2021-03-23T10:43:45+08:00"}
{"level":"info","msg":"正在生成pdf...","time":"2021-03-23T10:43:45+08:00"}
{"level":"info","msg":"成功保存文件：/Users/sanbo/code/analysys-dev-sdk/doc/流量审核SDK.pdf","time":"2021-03-23T10:43:45+08:00"}
{"level":"info","msg":"页面支持同步渲染进度，开始同步...","time":"2021-03-23T10:44:10+08:00"}
{"level":"info","msg":"渲染超时（1000ms），未能加载MathJax渲染信息，可能是页面不含MathJax公式","time":"2021-03-23T10:44:10+08:00"}
{"level":"info","msg":"渲染完成！","time":"2021-03-23T10:44:10+08:00"}
{"level":"info","msg":"正在生成pdf...","time":"2021-03-23T10:44:10+08:00"}
{"level":"info","msg":"成功保存文件：/Users/sanbo/code/analysys-dev-sdk/doc/流量审核SDK.pdf","time":"2021-03-23T10:44:10+08:00"}
{"level":"info","msg":"页面支持同步渲染进度，开始同步...","time":"2021-03-23T10:44:36+08:00"}
{"level":"info","msg":"渲染超时（1000ms），未能加载MathJax渲染信息，可能是页面不含MathJax公式","time":"2021-03-23T10:44:36+08:00"}
{"level":"info","msg":"渲染完成！","time":"2021-03-23T10:44:36+08:00"}
{"level":"info","msg":"正在生成pdf...","time":"2021-03-23T10:44:36+08:00"}
{"level":"info","msg":"成功保存文件：/Users/sanbo/code/analysys-dev-sdk/doc/流量审核SDK.pdf","time":"2021-03-23T10:44:36+08:00"}
{"level":"info","msg":"页面支持同步渲染进度，开始同步...","time":"2021-03-23T11:10:02+08:00"}
{"level":"info","msg":"渲染超时（1000ms），未能加载MathJax渲染信息，可能是页面不含MathJax公式","time":"2021-03-23T11:10:02+08:00"}
{"level":"info","msg":"渲染完成！","time":"2021-03-23T11:10:02+08:00"}
{"level":"info","msg":"正在生成pdf...","time":"2021-03-23T11:10:02+08:00"}
{"level":"info","msg":"成功保存文件：/Users/sanbo/code/analysys-dev-sdk/doc/流量审核SDK.pdf","time":"2021-03-23T11:10:02+08:00"}
{"level":"info","msg":"页面支持同步渲染进度，开始同步...","time":"2021-03-23T11:10:25+08:00"}
{"level":"info","msg":"渲染超时（1000ms），未能加载MathJax渲染信息，可能是页面不含MathJax公式","time":"2021-03-23T11:10:25+08:00"}
{"level":"info","msg":"渲染完成！","time":"2021-03-23T11:10:25+08:00"}
{"level":"info","msg":"正在生成pdf...","time":"2021-03-23T11:10:25+08:00"}
{"level":"info","msg":"成功保存文件：/Users/sanbo/code/analysys-dev-sdk/doc/流量审核SDK.pdf","time":"2021-03-23T11:10:25+08:00"}
{"level":"info","msg":"页面支持同步渲染进度，开始同步...","time":"2021-03-23T11:10:38+08:00"}
{"level":"info","msg":"渲染超时（1000ms），未能加载MathJax渲染信息，可能是页面不含MathJax公式","time":"2021-03-23T11:10:38+08:00"}
{"level":"info","msg":"渲染完成！","time":"2021-03-23T11:10:38+08:00"}
{"level":"info","msg":"正在生成pdf...","time":"2021-03-23T11:10:38+08:00"}
{"level":"info","msg":"成功保存文件：/Users/sanbo/code/analysys-dev-sdk/doc/流量审核SDK.pdf","time":"2021-03-23T11:10:38+08:00"}
{"level":"info","msg":"页面支持同步渲染进度，开始同步...","time":"2021-03-23T11:10:55+08:00"}
{"level":"info","msg":"渲染超时（1000ms），未能加载MathJax渲染信息，可能是页面不含MathJax公式","time":"2021-03-23T11:10:55+08:00"}
{"level":"info","msg":"渲染完成！","time":"2021-03-23T11:10:55+08:00"}
{"level":"info","msg":"正在生成pdf...","time":"2021-03-23T11:10:55+08:00"}
{"level":"info","msg":"成功保存文件：/Users/sanbo/code/analysys-dev-sdk/doc/流量审核SDK.pdf","time":"2021-03-23T11:10:56+08:00"}
{"level":"info","msg":"页面支持同步渲染进度，开始同步...","time":"2021-03-23T11:22:29+08:00"}
{"level":"info","msg":"渲染超时（1000ms），未能加载MathJax渲染信息，可能是页面不含MathJax公式","time":"2021-03-23T11:22:29+08:00"}
{"level":"info","msg":"渲染完成！","time":"2021-03-23T11:22:29+08:00"}
{"level":"info","msg":"正在生成pdf...","time":"2021-03-23T11:22:29+08:00"}
{"level":"info","msg":"成功保存文件：/Users/sanbo/code/analysys-dev-sdk/doc/流量审核SDK.pdf","time":"2021-03-23T11:22:29+08:00"}
{"level":"info","msg":"页面支持同步渲染进度，开始同步...","time":"2021-03-23T11:22:45+08:00"}
{"level":"info","msg":"渲染超时（1000ms），未能加载MathJax渲染信息，可能是页面不含MathJax公式","time":"2021-03-23T11:22:45+08:00"}
{"level":"info","msg":"渲染完成！","time":"2021-03-23T11:22:45+08:00"}
{"level":"info","msg":"正在生成pdf...","time":"2021-03-23T11:22:45+08:00"}
{"level":"info","msg":"成功保存文件：/Users/sanbo/code/analysys-dev-sdk/doc/流量审核SDK.pdf","time":"2021-03-23T11:22:46+08:00"}
{"level":"info","msg":"页面支持同步渲染进度，开始同步...","time":"2021-03-23T11:23:53+08:00"}
{"level":"info","msg":"渲染超时（1000ms），未能加载MathJax渲染信息，可能是页面不含MathJax公式","time":"2021-03-23T11:23:53+08:00"}
{"level":"info","msg":"渲染完成！","time":"2021-03-23T11:23:53+08:00"}
{"level":"info","msg":"正在生成pdf...","time":"2021-03-23T11:23:53+08:00"}
{"level":"info","msg":"成功保存文件：/Users/sanbo/code/analysys-dev-sdk/doc/流量审核SDK.pdf","time":"2021-03-23T11:23:53+08:00"}
{"level":"info","msg":"页面支持同步渲染进度，开始同步...","time":"2021-03-23T11:24:10+08:00"}
{"level":"info","msg":"渲染超时（1000ms），未能加载MathJax渲染信息，可能是页面不含MathJax公式","time":"2021-03-23T11:24:10+08:00"}
{"level":"info","msg":"渲染完成！","time":"2021-03-23T11:24:10+08:00"}
{"level":"info","msg":"正在生成pdf...","time":"2021-03-23T11:24:10+08:00"}
{"level":"info","msg":"成功保存文件：/Users/sanbo/code/analysys-dev-sdk/doc/流量审核SDK.pdf","time":"2021-03-23T11:24:11+08:00"}
{"level":"info","msg":"页面支持同步渲染进度，开始同步...","time":"2021-03-23T12:00:35+08:00"}
{"level":"info","msg":"渲染超时（1000ms），未能加载MathJax渲染信息，可能是页面不含MathJax公式","time":"2021-03-23T12:00:35+08:00"}
{"level":"info","msg":"渲染完成！","time":"2021-03-23T12:00:35+08:00"}
{"level":"info","msg":"正在生成pdf...","time":"2021-03-23T12:00:35+08:00"}
{"level":"info","msg":"成功保存文件：/Users/sanbo/code/analysys-dev-sdk/doc/流量审核SDK.pdf","time":"2021-03-23T12:00:36+08:00"}
{"level":"info","msg":"页面支持同步渲染进度，开始同步...","time":"2021-03-23T12:00:54+08:00"}
{"level":"info","msg":"渲染超时（1000ms），未能加载MathJax渲染信息，可能是页面不含MathJax公式","time":"2021-03-23T12:00:54+08:00"}
{"level":"info","msg":"渲染完成！","time":"2021-03-23T12:00:54+08:00"}
{"level":"info","msg":"正在生成pdf...","time":"2021-03-23T12:00:54+08:00"}
{"level":"info","msg":"成功保存文件：/Users/sanbo/code/analysys-dev-sdk/doc/流量审核SDK.pdf","time":"2021-03-23T12:00:54+08:00"}
{"level":"info","msg":"页面支持同步渲染进度，开始同步...","time":"2021-03-31T14:17:35+08:00"}
{"level":"info","msg":"渲染超时（1000ms），未能加载MathJax渲染信息，可能是页面不含MathJax公式","time":"2021-03-31T14:17:35+08:00"}
{"level":"info","msg":"渲染完成！","time":"2021-03-31T14:17:36+08:00"}
{"level":"info","msg":"正在生成pdf...","time":"2021-03-31T14:17:36+08:00"}
{"level":"info","msg":"成功保存文件：/Users/sanbo/code/analysys-dev-sdk/doc/流量审核SDK.pdf","time":"2021-03-31T14:17:36+08:00"}
{"level":"info","msg":"页面支持同步渲染进度，开始同步...","time":"2021-03-31T14:18:23+08:00"}
{"level":"info","msg":"渲染超时（1000ms），未能加载MathJax渲染信息，可能是页面不含MathJax公式","time":"2021-03-31T14:18:23+08:00"}
{"level":"info","msg":"渲染完成！","time":"2021-03-31T14:18:23+08:00"}
{"level":"info","msg":"正在生成pdf...","time":"2021-03-31T14:18:23+08:00"}
{"level":"info","msg":"成功保存文件：/Users/sanbo/code/analysys-dev-sdk/doc/流量审核SDK.pdf","time":"2021-03-31T14:18:24+08:00"}
